Analysis & Synthesis report for part3
Thu May 26 01:37:11 2022
Quartus Prime Version 19.1.0 Build 670 09/22/2019 SJ Lite Edition


---------------------
; Table of Contents ;
---------------------
  1. Legal Notice
  2. Analysis & Synthesis Summary
  3. Analysis & Synthesis Settings
  4. Parallel Compilation
  5. Analysis & Synthesis Messages



----------------
; Legal Notice ;
----------------
Copyright (C) 2019  Intel Corporation. All rights reserved.
Your use of Intel Corporation's design tools, logic functions 
and other software and tools, and any partner logic 
functions, and any output files from any of the foregoing 
(including device programming or simulation files), and any 
associated documentation or information are expressly subject 
to the terms and conditions of the Intel Program License 
Subscription Agreement, the Intel Quartus Prime License Agreement,
the Intel FPGA IP License Agreement, or other applicable license
agreement, including, without limitation, that your use is for
the sole purpose of programming logic devices manufactured by
Intel and sold by Intel or its authorized distributors.  Please
refer to the applicable agreement for further details, at
https://fpgasoftware.intel.com/eula.



+---------------------------------------------------------------------------+
; Analysis & Synthesis Summary                                              ;
+-----------------------------+---------------------------------------------+
; Analysis & Synthesis Status ; Failed - Thu May 26 01:37:11 2022           ;
; Quartus Prime Version       ; 19.1.0 Build 670 09/22/2019 SJ Lite Edition ;
; Revision Name               ; part3                                       ;
; Top-level Entity Name       ; part3                                       ;
; Family                      ; Cyclone V                                   ;
; Logic utilization (in ALMs) ; N/A until Partition Merge                   ;
; Total registers             ; N/A until Partition Merge                   ;
; Total pins                  ; N/A until Partition Merge                   ;
; Total virtual pins          ; N/A until Partition Merge                   ;
; Total block memory bits     ; N/A until Partition Merge                   ;
; Total PLLs                  ; N/A until Partition Merge                   ;
; Total DLLs                  ; N/A until Partition Merge                   ;
+-----------------------------+---------------------------------------------+


+---------------------------------------------------------------------------------------------------------------------------+
; Analysis & Synthesis Settings                                                                                             ;
+---------------------------------------------------------------------------------+--------------------+--------------------+
; Option                                                                          ; Setting            ; Default Value      ;
+---------------------------------------------------------------------------------+--------------------+--------------------+
; Device                                                                          ; 5CSEMA5F31C6       ;                    ;
; Top-level entity name                                                           ; part3              ; part3              ;
; Family name                                                                     ; Cyclone V          ; Cyclone V          ;
; Use smart compilation                                                           ; Off                ; Off                ;
; Enable parallel Assembler and Timing Analyzer during compilation                ; On                 ; On                 ;
; Enable compact report table                                                     ; Off                ; Off                ;
; Restructure Multiplexers                                                        ; Auto               ; Auto               ;
; MLAB Add Timing Constraints For Mixed-Port Feed-Through Mode Setting Don't Care ; Off                ; Off                ;
; Create Debugging Nodes for IP Cores                                             ; Off                ; Off                ;
; Preserve fewer node names                                                       ; On                 ; On                 ;
; Intel FPGA IP Evaluation Mode                                                   ; Enable             ; Enable             ;
; Verilog Version                                                                 ; Verilog_2001       ; Verilog_2001       ;
; VHDL Version                                                                    ; VHDL_1993          ; VHDL_1993          ;
; State Machine Processing                                                        ; Auto               ; Auto               ;
; Safe State Machine                                                              ; Off                ; Off                ;
; Extract Verilog State Machines                                                  ; On                 ; On                 ;
; Extract VHDL State Machines                                                     ; On                 ; On                 ;
; Ignore Verilog initial constructs                                               ; Off                ; Off                ;
; Iteration limit for constant Verilog loops                                      ; 5000               ; 5000               ;
; Iteration limit for non-constant Verilog loops                                  ; 250                ; 250                ;
; Add Pass-Through Logic to Inferred RAMs                                         ; On                 ; On                 ;
; Infer RAMs from Raw Logic                                                       ; On                 ; On                 ;
; Parallel Synthesis                                                              ; On                 ; On                 ;
; DSP Block Balancing                                                             ; Auto               ; Auto               ;
; NOT Gate Push-Back                                                              ; On                 ; On                 ;
; Power-Up Don't Care                                                             ; On                 ; On                 ;
; Remove Redundant Logic Cells                                                    ; Off                ; Off                ;
; Remove Duplicate Registers                                                      ; On                 ; On                 ;
; Ignore CARRY Buffers                                                            ; Off                ; Off                ;
; Ignore CASCADE Buffers                                                          ; Off                ; Off                ;
; Ignore GLOBAL Buffers                                                           ; Off                ; Off                ;
; Ignore ROW GLOBAL Buffers                                                       ; Off                ; Off                ;
; Ignore LCELL Buffers                                                            ; Off                ; Off                ;
; Ignore SOFT Buffers                                                             ; On                 ; On                 ;
; Limit AHDL Integers to 32 Bits                                                  ; Off                ; Off                ;
; Optimization Technique                                                          ; Balanced           ; Balanced           ;
; Carry Chain Length                                                              ; 70                 ; 70                 ;
; Auto Carry Chains                                                               ; On                 ; On                 ;
; Auto Open-Drain Pins                                                            ; On                 ; On                 ;
; Perform WYSIWYG Primitive Resynthesis                                           ; Off                ; Off                ;
; Auto ROM Replacement                                                            ; On                 ; On                 ;
; Auto RAM Replacement                                                            ; On                 ; On                 ;
; Auto DSP Block Replacement                                                      ; On                 ; On                 ;
; Auto Shift Register Replacement                                                 ; Auto               ; Auto               ;
; Allow Shift Register Merging across Hierarchies                                 ; Auto               ; Auto               ;
; Auto Clock Enable Replacement                                                   ; On                 ; On                 ;
; Strict RAM Replacement                                                          ; Off                ; Off                ;
; Allow Synchronous Control Signals                                               ; On                 ; On                 ;
; Force Use of Synchronous Clear Signals                                          ; Off                ; Off                ;
; Auto Resource Sharing                                                           ; Off                ; Off                ;
; Allow Any RAM Size For Recognition                                              ; Off                ; Off                ;
; Allow Any ROM Size For Recognition                                              ; Off                ; Off                ;
; Allow Any Shift Register Size For Recognition                                   ; Off                ; Off                ;
; Use LogicLock Constraints during Resource Balancing                             ; On                 ; On                 ;
; Ignore translate_off and synthesis_off directives                               ; Off                ; Off                ;
; Timing-Driven Synthesis                                                         ; On                 ; On                 ;
; Report Parameter Settings                                                       ; On                 ; On                 ;
; Report Source Assignments                                                       ; On                 ; On                 ;
; Report Connectivity Checks                                                      ; On                 ; On                 ;
; Ignore Maximum Fan-Out Assignments                                              ; Off                ; Off                ;
; Synchronization Register Chain Length                                           ; 3                  ; 3                  ;
; Power Optimization During Synthesis                                             ; Normal compilation ; Normal compilation ;
; HDL message level                                                               ; Level2             ; Level2             ;
; Suppress Register Optimization Related Messages                                 ; Off                ; Off                ;
; Number of Removed Registers Reported in Synthesis Report                        ; 5000               ; 5000               ;
; Number of Swept Nodes Reported in Synthesis Report                              ; 5000               ; 5000               ;
; Number of Inverted Registers Reported in Synthesis Report                       ; 100                ; 100                ;
; Clock MUX Protection                                                            ; On                 ; On                 ;
; Auto Gated Clock Conversion                                                     ; Off                ; Off                ;
; Block Design Naming                                                             ; Auto               ; Auto               ;
; SDC constraint protection                                                       ; Off                ; Off                ;
; Synthesis Effort                                                                ; Auto               ; Auto               ;
; Shift Register Replacement - Allow Asynchronous Clear Signal                    ; On                 ; On                 ;
; Pre-Mapping Resynthesis Optimization                                            ; Off                ; Off                ;
; Analysis & Synthesis Message Level                                              ; Medium             ; Medium             ;
; Disable Register Merging Across Hierarchies                                     ; Auto               ; Auto               ;
; Resource Aware Inference For Block RAM                                          ; On                 ; On                 ;
; Automatic Parallel Synthesis                                                    ; On                 ; On                 ;
; Partial Reconfiguration Bitstream ID                                            ; Off                ; Off                ;
+---------------------------------------------------------------------------------+--------------------+--------------------+


+------------------------------------------+
; Parallel Compilation                     ;
+----------------------------+-------------+
; Processors                 ; Number      ;
+----------------------------+-------------+
; Number detected on machine ; 8           ;
; Maximum allowed            ; 4           ;
;                            ;             ;
; Average used               ; 1.00        ;
; Maximum used               ; 1           ;
;                            ;             ;
; Usage by Processor         ; % Time Used ;
;     Processor 1            ; 100.0%      ;
+----------------------------+-------------+


+-------------------------------+
; Analysis & Synthesis Messages ;
+-------------------------------+
Info: *******************************************************************
Info: Running Quartus Prime Analysis & Synthesis
    Info: Version 19.1.0 Build 670 09/22/2019 SJ Lite Edition
    Info: Processing started: Thu May 26 01:36:57 2022
Info: Command: quartus_map --read_settings_files=on --write_settings_files=off part3 -c part3
Warning (18236): Number of processors has not been specified which may cause overloading on shared machines.  Set the global assignment NUM_PARALLEL_PROCESSORS in your QSF to an appropriate value for best performance.
Info (20030): Parallel compilation is enabled and will use 4 of the 4 processors detected
Warning (10229): Verilog HDL Expression warning at part3.v(154): truncated literal to match 3 bits File: C:/Users/okoko/OneDrive - The University Of British Columbia/ELEC 391/FPGA_audio_starter/part3.v Line: 154
Info (12021): Found 4 design units, including 4 entities, in source file /users/okoko/onedrive - the university of british columbia/elec 391/fpga_audio_starter/part3.v
    Info (12023): Found entity 1: part3 File: C:/Users/okoko/OneDrive - The University Of British Columbia/ELEC 391/FPGA_audio_starter/part3.v Line: 1
    Info (12023): Found entity 2: noise_generator File: C:/Users/okoko/OneDrive - The University Of British Columbia/ELEC 391/FPGA_audio_starter/part3.v Line: 102
    Info (12023): Found entity 3: fifo_filter File: C:/Users/okoko/OneDrive - The University Of British Columbia/ELEC 391/FPGA_audio_starter/part3.v Line: 148
    Info (12023): Found entity 4: vDFFE File: C:/Users/okoko/OneDrive - The University Of British Columbia/ELEC 391/FPGA_audio_starter/part3.v Line: 188
Warning (10236): Verilog HDL Implicit Net warning at part3.v(160): created implicit net for "noise" File: C:/Users/okoko/OneDrive - The University Of British Columbia/ELEC 391/FPGA_audio_starter/part3.v Line: 160
Warning (10236): Verilog HDL Implicit Net warning at part3.v(172): created implicit net for "fifo_out" File: C:/Users/okoko/OneDrive - The University Of British Columbia/ELEC 391/FPGA_audio_starter/part3.v Line: 172
Warning (10236): Verilog HDL Implicit Net warning at part3.v(180): created implicit net for "CLOCK50" File: C:/Users/okoko/OneDrive - The University Of British Columbia/ELEC 391/FPGA_audio_starter/part3.v Line: 180
Warning (10236): Verilog HDL Implicit Net warning at part3.v(180): created implicit net for "acc_out" File: C:/Users/okoko/OneDrive - The University Of British Columbia/ELEC 391/FPGA_audio_starter/part3.v Line: 180
Info (12127): Elaborating entity "part3" for the top level hierarchy
Warning (10036): Verilog HDL or VHDL warning at part3.v(20): object "enable" assigned a value but never read File: C:/Users/okoko/OneDrive - The University Of British Columbia/ELEC 391/FPGA_audio_starter/part3.v Line: 20
Info (10041): Inferred latch for "writedata_right[0]" at part3.v(29) File: C:/Users/okoko/OneDrive - The University Of British Columbia/ELEC 391/FPGA_audio_starter/part3.v Line: 29
Info (10041): Inferred latch for "writedata_right[1]" at part3.v(29) File: C:/Users/okoko/OneDrive - The University Of British Columbia/ELEC 391/FPGA_audio_starter/part3.v Line: 29
Info (10041): Inferred latch for "writedata_right[2]" at part3.v(29) File: C:/Users/okoko/OneDrive - The University Of British Columbia/ELEC 391/FPGA_audio_starter/part3.v Line: 29
Info (10041): Inferred latch for "writedata_right[3]" at part3.v(29) File: C:/Users/okoko/OneDrive - The University Of British Columbia/ELEC 391/FPGA_audio_starter/part3.v Line: 29
Info (10041): Inferred latch for "writedata_right[4]" at part3.v(29) File: C:/Users/okoko/OneDrive - The University Of British Columbia/ELEC 391/FPGA_audio_starter/part3.v Line: 29
Info (10041): Inferred latch for "writedata_right[5]" at part3.v(29) File: C:/Users/okoko/OneDrive - The University Of British Columbia/ELEC 391/FPGA_audio_starter/part3.v Line: 29
Info (10041): Inferred latch for "writedata_right[6]" at part3.v(29) File: C:/Users/okoko/OneDrive - The University Of British Columbia/ELEC 391/FPGA_audio_starter/part3.v Line: 29
Info (10041): Inferred latch for "writedata_right[7]" at part3.v(29) File: C:/Users/okoko/OneDrive - The University Of British Columbia/ELEC 391/FPGA_audio_starter/part3.v Line: 29
Info (10041): Inferred latch for "writedata_right[8]" at part3.v(29) File: C:/Users/okoko/OneDrive - The University Of British Columbia/ELEC 391/FPGA_audio_starter/part3.v Line: 29
Info (10041): Inferred latch for "writedata_right[9]" at part3.v(29) File: C:/Users/okoko/OneDrive - The University Of British Columbia/ELEC 391/FPGA_audio_starter/part3.v Line: 29
Info (10041): Inferred latch for "writedata_right[10]" at part3.v(29) File: C:/Users/okoko/OneDrive - The University Of British Columbia/ELEC 391/FPGA_audio_starter/part3.v Line: 29
Info (10041): Inferred latch for "writedata_right[11]" at part3.v(29) File: C:/Users/okoko/OneDrive - The University Of British Columbia/ELEC 391/FPGA_audio_starter/part3.v Line: 29
Info (10041): Inferred latch for "writedata_right[12]" at part3.v(29) File: C:/Users/okoko/OneDrive - The University Of British Columbia/ELEC 391/FPGA_audio_starter/part3.v Line: 29
Info (10041): Inferred latch for "writedata_right[13]" at part3.v(29) File: C:/Users/okoko/OneDrive - The University Of British Columbia/ELEC 391/FPGA_audio_starter/part3.v Line: 29
Info (10041): Inferred latch for "writedata_right[14]" at part3.v(29) File: C:/Users/okoko/OneDrive - The University Of British Columbia/ELEC 391/FPGA_audio_starter/part3.v Line: 29
Info (10041): Inferred latch for "writedata_right[15]" at part3.v(29) File: C:/Users/okoko/OneDrive - The University Of British Columbia/ELEC 391/FPGA_audio_starter/part3.v Line: 29
Info (10041): Inferred latch for "writedata_right[16]" at part3.v(29) File: C:/Users/okoko/OneDrive - The University Of British Columbia/ELEC 391/FPGA_audio_starter/part3.v Line: 29
Info (10041): Inferred latch for "writedata_right[17]" at part3.v(29) File: C:/Users/okoko/OneDrive - The University Of British Columbia/ELEC 391/FPGA_audio_starter/part3.v Line: 29
Info (10041): Inferred latch for "writedata_right[18]" at part3.v(29) File: C:/Users/okoko/OneDrive - The University Of British Columbia/ELEC 391/FPGA_audio_starter/part3.v Line: 29
Info (10041): Inferred latch for "writedata_right[19]" at part3.v(29) File: C:/Users/okoko/OneDrive - The University Of British Columbia/ELEC 391/FPGA_audio_starter/part3.v Line: 29
Info (10041): Inferred latch for "writedata_right[20]" at part3.v(29) File: C:/Users/okoko/OneDrive - The University Of British Columbia/ELEC 391/FPGA_audio_starter/part3.v Line: 29
Info (10041): Inferred latch for "writedata_right[21]" at part3.v(29) File: C:/Users/okoko/OneDrive - The University Of British Columbia/ELEC 391/FPGA_audio_starter/part3.v Line: 29
Info (10041): Inferred latch for "writedata_right[22]" at part3.v(29) File: C:/Users/okoko/OneDrive - The University Of British Columbia/ELEC 391/FPGA_audio_starter/part3.v Line: 29
Info (10041): Inferred latch for "writedata_right[23]" at part3.v(29) File: C:/Users/okoko/OneDrive - The University Of British Columbia/ELEC 391/FPGA_audio_starter/part3.v Line: 29
Info (10041): Inferred latch for "writedata_left[0]" at part3.v(28) File: C:/Users/okoko/OneDrive - The University Of British Columbia/ELEC 391/FPGA_audio_starter/part3.v Line: 28
Info (10041): Inferred latch for "writedata_left[1]" at part3.v(28) File: C:/Users/okoko/OneDrive - The University Of British Columbia/ELEC 391/FPGA_audio_starter/part3.v Line: 28
Info (10041): Inferred latch for "writedata_left[2]" at part3.v(28) File: C:/Users/okoko/OneDrive - The University Of British Columbia/ELEC 391/FPGA_audio_starter/part3.v Line: 28
Info (10041): Inferred latch for "writedata_left[3]" at part3.v(28) File: C:/Users/okoko/OneDrive - The University Of British Columbia/ELEC 391/FPGA_audio_starter/part3.v Line: 28
Info (10041): Inferred latch for "writedata_left[4]" at part3.v(28) File: C:/Users/okoko/OneDrive - The University Of British Columbia/ELEC 391/FPGA_audio_starter/part3.v Line: 28
Info (10041): Inferred latch for "writedata_left[5]" at part3.v(28) File: C:/Users/okoko/OneDrive - The University Of British Columbia/ELEC 391/FPGA_audio_starter/part3.v Line: 28
Info (10041): Inferred latch for "writedata_left[6]" at part3.v(28) File: C:/Users/okoko/OneDrive - The University Of British Columbia/ELEC 391/FPGA_audio_starter/part3.v Line: 28
Info (10041): Inferred latch for "writedata_left[7]" at part3.v(28) File: C:/Users/okoko/OneDrive - The University Of British Columbia/ELEC 391/FPGA_audio_starter/part3.v Line: 28
Info (10041): Inferred latch for "writedata_left[8]" at part3.v(28) File: C:/Users/okoko/OneDrive - The University Of British Columbia/ELEC 391/FPGA_audio_starter/part3.v Line: 28
Info (10041): Inferred latch for "writedata_left[9]" at part3.v(28) File: C:/Users/okoko/OneDrive - The University Of British Columbia/ELEC 391/FPGA_audio_starter/part3.v Line: 28
Info (10041): Inferred latch for "writedata_left[10]" at part3.v(28) File: C:/Users/okoko/OneDrive - The University Of British Columbia/ELEC 391/FPGA_audio_starter/part3.v Line: 28
Info (10041): Inferred latch for "writedata_left[11]" at part3.v(28) File: C:/Users/okoko/OneDrive - The University Of British Columbia/ELEC 391/FPGA_audio_starter/part3.v Line: 28
Info (10041): Inferred latch for "writedata_left[12]" at part3.v(28) File: C:/Users/okoko/OneDrive - The University Of British Columbia/ELEC 391/FPGA_audio_starter/part3.v Line: 28
Info (10041): Inferred latch for "writedata_left[13]" at part3.v(28) File: C:/Users/okoko/OneDrive - The University Of British Columbia/ELEC 391/FPGA_audio_starter/part3.v Line: 28
Info (10041): Inferred latch for "writedata_left[14]" at part3.v(28) File: C:/Users/okoko/OneDrive - The University Of British Columbia/ELEC 391/FPGA_audio_starter/part3.v Line: 28
Info (10041): Inferred latch for "writedata_left[15]" at part3.v(28) File: C:/Users/okoko/OneDrive - The University Of British Columbia/ELEC 391/FPGA_audio_starter/part3.v Line: 28
Info (10041): Inferred latch for "writedata_left[16]" at part3.v(28) File: C:/Users/okoko/OneDrive - The University Of British Columbia/ELEC 391/FPGA_audio_starter/part3.v Line: 28
Info (10041): Inferred latch for "writedata_left[17]" at part3.v(28) File: C:/Users/okoko/OneDrive - The University Of British Columbia/ELEC 391/FPGA_audio_starter/part3.v Line: 28
Info (10041): Inferred latch for "writedata_left[18]" at part3.v(28) File: C:/Users/okoko/OneDrive - The University Of British Columbia/ELEC 391/FPGA_audio_starter/part3.v Line: 28
Info (10041): Inferred latch for "writedata_left[19]" at part3.v(28) File: C:/Users/okoko/OneDrive - The University Of British Columbia/ELEC 391/FPGA_audio_starter/part3.v Line: 28
Info (10041): Inferred latch for "writedata_left[20]" at part3.v(28) File: C:/Users/okoko/OneDrive - The University Of British Columbia/ELEC 391/FPGA_audio_starter/part3.v Line: 28
Info (10041): Inferred latch for "writedata_left[21]" at part3.v(28) File: C:/Users/okoko/OneDrive - The University Of British Columbia/ELEC 391/FPGA_audio_starter/part3.v Line: 28
Info (10041): Inferred latch for "writedata_left[22]" at part3.v(28) File: C:/Users/okoko/OneDrive - The University Of British Columbia/ELEC 391/FPGA_audio_starter/part3.v Line: 28
Info (10041): Inferred latch for "writedata_left[23]" at part3.v(28) File: C:/Users/okoko/OneDrive - The University Of British Columbia/ELEC 391/FPGA_audio_starter/part3.v Line: 28
Error (12006): Node instance "FILTER_LEFT" instantiates undefined entity "filter". Ensure that required library paths are specified correctly, define the specified entity, or change the instantiation. If this entity represents Intel FPGA or third-party IP, generate the synthesis files for the IP. File: C:/Users/okoko/OneDrive - The University Of British Columbia/ELEC 391/FPGA_audio_starter/part3.v Line: 33
Error (12006): Node instance "FILTER_RIGHT" instantiates undefined entity "filter". Ensure that required library paths are specified correctly, define the specified entity, or change the instantiation. If this entity represents Intel FPGA or third-party IP, generate the synthesis files for the IP. File: C:/Users/okoko/OneDrive - The University Of British Columbia/ELEC 391/FPGA_audio_starter/part3.v Line: 34
Error (12006): Node instance "my_clock_gen" instantiates undefined entity "clock_generator". Ensure that required library paths are specified correctly, define the specified entity, or change the instantiation. If this entity represents Intel FPGA or third-party IP, generate the synthesis files for the IP. File: C:/Users/okoko/OneDrive - The University Of British Columbia/ELEC 391/FPGA_audio_starter/part3.v Line: 57
Error (12006): Node instance "cfg" instantiates undefined entity "audio_and_video_config". Ensure that required library paths are specified correctly, define the specified entity, or change the instantiation. If this entity represents Intel FPGA or third-party IP, generate the synthesis files for the IP. File: C:/Users/okoko/OneDrive - The University Of British Columbia/ELEC 391/FPGA_audio_starter/part3.v Line: 67
Error (12006): Node instance "codec" instantiates undefined entity "audio_codec". Ensure that required library paths are specified correctly, define the specified entity, or change the instantiation. If this entity represents Intel FPGA or third-party IP, generate the synthesis files for the IP. File: C:/Users/okoko/OneDrive - The University Of British Columbia/ELEC 391/FPGA_audio_starter/part3.v Line: 88
Error: Quartus Prime Analysis & Synthesis was unsuccessful. 5 errors, 7 warnings
    Error: Peak virtual memory: 4767 megabytes
    Error: Processing ended: Thu May 26 01:37:11 2022
    Error: Elapsed time: 00:00:14
    Error: Total CPU time (on all processors): 00:00:35


