MIF/HEX Update report for part1
Wed Jun 08 12:53:37 2022
Quartus Prime Version 19.1.0 Build 670 09/22/2019 SJ Lite Edition


---------------------
; Table of Contents ;
---------------------
  1. Legal Notice
  2. MIF/HEX Update Summary
  3. MIF/HEX Update Processed Files
  4. MIF/HEX Update Messages



----------------
; Legal Notice ;
----------------
Copyright (C) 2019  Intel Corporation. All rights reserved.
Your use of Intel Corporation's design tools, logic functions 
and other software and tools, and any partner logic 
functions, and any output files from any of the foregoing 
(including device programming or simulation files), and any 
associated documentation or information are expressly subject 
to the terms and conditions of the Intel Program License 
Subscription Agreement, the Intel Quartus Prime License Agreement,
the Intel FPGA IP License Agreement, or other applicable license
agreement, including, without limitation, that your use is for
the sole purpose of programming logic devices manufactured by
Intel and sold by Intel or its authorized distributors.  Please
refer to the applicable agreement for further details, at
https://fpgasoftware.intel.com/eula.



+---------------------------------------------------------------+
; MIF/HEX Update Summary                                        ;
+-----------------------+---------------------------------------+
; MIF/HEX Update Status ; Successful - Wed Jun 08 12:53:37 2022 ;
; Revision Name         ; part1                                 ;
; Top-level Entity Name ; part1                                 ;
; Family                ; Cyclone V                             ;
; Device                ; 5CSEMA5F31C6                          ;
+-----------------------+---------------------------------------+


+--------------------------------------------------------------------------------------------------+
; MIF/HEX Update Processed Files                                                                   ;
+--------------------------------------------------------------------------------------------------+
; File Name                                                                                        ;
+--------------------------------------------------------------------------------------------------+
; C:/Users/okoko/OneDrive - The University Of British Columbia/ELEC 391/FPGA_audio_starter/mem.mif ;
+--------------------------------------------------------------------------------------------------+


+-------------------------+
; MIF/HEX Update Messages ;
+-------------------------+
Info: *******************************************************************
Info: Running Quartus Prime MIF/HEX Update
    Info: Version 19.1.0 Build 670 09/22/2019 SJ Lite Edition
    Info: Processing started: Wed Jun 08 12:53:33 2022
Info: Command: quartus_cdb part1 -c part1 --update_mif
Warning (18236): Number of processors has not been specified which may cause overloading on shared machines.  Set the global assignment NUM_PARALLEL_PROCESSORS in your QSF to an appropriate value for best performance.
Critical Warning (127004): Memory depth (65536) in the design file differs from memory depth (240255) in the Memory Initialization File "C:/Users/okoko/OneDrive - The University Of British Columbia/ELEC 391/FPGA_audio_starter/mem.mif" -- truncated remaining initial content value to fit RAM
Info (39024): Processed the following Memory Initialization File(s)
    Info (39025): Processed Memory Initialization File C:/Users/okoko/OneDrive - The University Of British Columbia/ELEC 391/FPGA_audio_starter/mem.mif File: C:/Users/okoko/OneDrive - The University Of British Columbia/ELEC 391/FPGA_audio_starter/mem.mif Line: 0
Info: Quartus Prime MIF/HEX Update was successful. 0 errors, 2 warnings
    Info: Peak virtual memory: 4954 megabytes
    Info: Processing ended: Wed Jun 08 12:53:37 2022
    Info: Elapsed time: 00:00:04
    Info: Total CPU time (on all processors): 00:00:04


