Flow report for part1
Mon Jun 20 23:36:04 2022
Quartus Prime Version 18.1.0 Build 625 09/12/2018 SJ Lite Edition


---------------------
; Table of Contents ;
---------------------
  1. Legal Notice
  2. Flow Summary
  3. Flow Settings
  4. Flow Non-Default Global Settings
  5. Flow Elapsed Time
  6. Flow OS Summary
  7. Flow Log
  8. Flow Messages
  9. Flow Suppressed Messages



----------------
; Legal Notice ;
----------------
Copyright (C) 2018  Intel Corporation. All rights reserved.
Your use of Intel Corporation's design tools, logic functions 
and other software and tools, and its AMPP partner logic 
functions, and any output files from any of the foregoing 
(including device programming or simulation files), and any 
associated documentation or information are expressly subject 
to the terms and conditions of the Intel Program License 
Subscription Agreement, the Intel Quartus Prime License Agreement,
the Intel FPGA IP License Agreement, or other applicable license
agreement, including, without limitation, that your use is for
the sole purpose of programming logic devices manufactured by
Intel and sold by Intel or its authorized distributors.  Please
refer to the applicable agreement for further details.



+-------------------------------------------------------------------------------+
; Flow Summary                                                                  ;
+---------------------------------+---------------------------------------------+
; Flow Status                     ; Successful - Mon Jun 20 23:35:54 2022       ;
; Quartus Prime Version           ; 18.1.0 Build 625 09/12/2018 SJ Lite Edition ;
; Revision Name                   ; part1                                       ;
; Top-level Entity Name           ; part1                                       ;
; Family                          ; Cyclone V                                   ;
; Device                          ; 5CSEMA5F31C6                                ;
; Timing Models                   ; Final                                       ;
; Logic utilization (in ALMs)     ; 397 / 32,070 ( 1 % )                        ;
; Total registers                 ; 468                                         ;
; Total pins                      ; 13 / 457 ( 3 % )                            ;
; Total virtual pins              ; 0                                           ;
; Total block memory bits         ; 1,054,720 / 4,065,280 ( 26 % )              ;
; Total DSP Blocks                ; 0 / 87 ( 0 % )                              ;
; Total HSSI RX PCSs              ; 0                                           ;
; Total HSSI PMA RX Deserializers ; 0                                           ;
; Total HSSI TX PCSs              ; 0                                           ;
; Total HSSI PMA TX Serializers   ; 0                                           ;
; Total PLLs                      ; 1 / 6 ( 17 % )                              ;
; Total DLLs                      ; 0 / 4 ( 0 % )                               ;
+---------------------------------+---------------------------------------------+


+-----------------------------------------+
; Flow Settings                           ;
+-------------------+---------------------+
; Option            ; Setting             ;
+-------------------+---------------------+
; Start date & time ; 06/20/2022 23:34:10 ;
; Main task         ; Compilation         ;
; Revision Name     ; part1               ;
+-------------------+---------------------+


+-------------------------------------------------------------------------------------------------------------------------+
; Flow Non-Default Global Settings                                                                                        ;
+-------------------------------------+----------------------------------------+---------------+-------------+------------+
; Assignment Name                     ; Value                                  ; Default Value ; Entity Name ; Section Id ;
+-------------------------------------+----------------------------------------+---------------+-------------+------------+
; COMPILER_SIGNATURE_ID               ; 233497583354937.165579324922916        ; --            ; --          ; --         ;
; MISC_FILE                           ; fifo391.bsf                            ; --            ; --          ; --         ;
; MISC_FILE                           ; fifo391_bb.v                           ; --            ; --          ; --         ;
; MISC_FILE                           ; rom_391.bsf                            ; --            ; --          ; --         ;
; MISC_FILE                           ; rom_391_bb.v                           ; --            ; --          ; --         ;
; MISC_FILE                           ; rom_16_391.bsf                         ; --            ; --          ; --         ;
; MISC_FILE                           ; rom_16_391_bb.v                        ; --            ; --          ; --         ;
; MISC_FILE                           ; rom_q.bsf                              ; --            ; --          ; --         ;
; MISC_FILE                           ; rom_q_bb.v                             ; --            ; --          ; --         ;
; MISC_FILE                           ; pll_391.cmp                            ; --            ; --          ; --         ;
; MISC_FILE                           ; pll_391_sim/pll_391.vo                 ; --            ; --          ; --         ;
; MISC_FILE                           ; rom_test.bsf                           ; --            ; --          ; --         ;
; MISC_FILE                           ; rom_test_bb.v                          ; --            ; --          ; --         ;
; MISC_FILE                           ; pll_1mhz.cmp                           ; --            ; --          ; --         ;
; MISC_FILE                           ; pll_1mhz_sim/pll_1mhz.vo               ; --            ; --          ; --         ;
; MISC_FILE                           ; pll_10MHz.cmp                          ; --            ; --          ; --         ;
; MISC_FILE                           ; pll_10MHz_sim/pll_10MHz.vo             ; --            ; --          ; --         ;
; PARTITION_COLOR                     ; -- (Not supported for targeted family) ; --            ; --          ; Top        ;
; PARTITION_FITTER_PRESERVATION_LEVEL ; -- (Not supported for targeted family) ; --            ; --          ; Top        ;
; PARTITION_NETLIST_TYPE              ; -- (Not supported for targeted family) ; --            ; --          ; Top        ;
; SPD_FILE                            ; pll_391.spd                            ; --            ; --          ; --         ;
; SPD_FILE                            ; pll_1mhz.spd                           ; --            ; --          ; --         ;
; SPD_FILE                            ; pll_10MHz.spd                          ; --            ; --          ; --         ;
; SYNTHESIS_ONLY_QIP                  ; On                                     ; --            ; --          ; --         ;
; SYNTHESIS_ONLY_QIP                  ; On                                     ; --            ; --          ; --         ;
; SYNTHESIS_ONLY_QIP                  ; On                                     ; --            ; --          ; --         ;
+-------------------------------------+----------------------------------------+---------------+-------------+------------+


+--------------------------------------------------------------------------------------------------------------------------+
; Flow Elapsed Time                                                                                                        ;
+----------------------+--------------+-------------------------+---------------------+------------------------------------+
; Module Name          ; Elapsed Time ; Average Processors Used ; Peak Virtual Memory ; Total CPU Time (on all processors) ;
+----------------------+--------------+-------------------------+---------------------+------------------------------------+
; Analysis & Synthesis ; 00:00:30     ; 1.0                     ; 5055 MB             ; 00:00:51                           ;
; Fitter               ; 00:01:02     ; 1.3                     ; 7154 MB             ; 00:02:46                           ;
; Assembler            ; 00:00:08     ; 1.0                     ; 4876 MB             ; 00:00:08                           ;
; Timing Analyzer      ; 00:00:09     ; 2.5                     ; 5281 MB             ; 00:00:16                           ;
; Total                ; 00:01:49     ; --                      ; --                  ; 00:04:01                           ;
+----------------------+--------------+-------------------------+---------------------+------------------------------------+


+------------------------------------------------------------------------------------+
; Flow OS Summary                                                                    ;
+----------------------+------------------+------------+------------+----------------+
; Module Name          ; Machine Hostname ; OS Name    ; OS Version ; Processor type ;
+----------------------+------------------+------------+------------+----------------+
; Analysis & Synthesis ; umair            ; Windows 10 ; 10.0       ; x86_64         ;
; Fitter               ; umair            ; Windows 10 ; 10.0       ; x86_64         ;
; Assembler            ; umair            ; Windows 10 ; 10.0       ; x86_64         ;
; Timing Analyzer      ; umair            ; Windows 10 ; 10.0       ; x86_64         ;
+----------------------+------------------+------------+------------+----------------+


------------
; Flow Log ;
------------
quartus_map --read_settings_files=on --write_settings_files=off part1 -c part1
quartus_fit --read_settings_files=off --write_settings_files=off part1 -c part1
quartus_asm --read_settings_files=off --write_settings_files=off part1 -c part1
quartus_sta part1 -c part1



